
-Question 1:

Avalia√ß√£o: 0.600/1 (60.00%)

>Arquivo: Q1
>Escolhido: Q1.py
>Habilidades: 

Avalia√ß√£o: 60.00%
-Failed tests
Test 2: test_2
Test 3: test_3
Test 5: test_5
Test 9: test_9
-Test 2: test_2 (-10.000)
Incorrect program output
 --- Input ---
>Erro
>som_atual

 --- Program output ---
>Gerenciador de som criado
>Som atual: None

 --- Expected output (text)---
>Gerenciador de som criado
>Tocando som: Erro
>Som atual: Erro

-Test 3: test_3 (-10.000)
Incorrect program output
 --- Input ---
>Campainha
>som_atual

 --- Program output ---
>Gerenciador de som criado
>Som atual: None

 --- Expected output (text)---
>Gerenciador de som criado
>Tocando som: Campainha
>Som atual: Campainha

-Test 5: test_5 (-10.000)
Incorrect program output
 --- Input ---
>Campainha
>som_atual

 --- Program output ---
>Gerenciador de som criado
>Som atual: None

 --- Expected output (text)---
>Gerenciador de som criado
>Tocando som: Campainha
>Som atual: Campainha

-Test 9: test_9 (-10.000)
Incorrect program output
 --- Input ---
>Notifica√ß√£o
>som_atual

 --- Program output ---
>Gerenciador de som criado
>Som atual: None

 --- Expected output (text)---
>Gerenciador de som criado
>Tocando som: Notifica√ß√£o
>Som atual: Notifica√ß√£o

-Summary of tests
>+------------------------------+
>| 10 tests run/ 6 tests passed |
>+------------------------------+

-Question 2:

Avalia√ß√£o: 0.000/3 (0.00%)

>Arquivo: Q2
>Escolhido: Q2.py
>Habilidades: 

Avalia√ß√£o: 0.00%
-Failed tests
Test 1: test_1
Test 2: test_2
Test 3: test_3
Test 4: test_4
Test 5: test_5
Test 6: test_6
Test 7: test_7
Test 8: test_8
Test 9: test_9
Test 10: test_10
-Test 1: test_1 (-10.000)
Incorrect program output
 --- Input ---
>Ana; 7090.3; gerente
>Automa√ß√£o; API REST

 --- Program output ---
>Funcionario n√£o encontrado
>Traceback (most recent call last):
>  File "/home/p11161/Q2.py", line 55, in <module>
>    projeto = Projeto(nomes_eq.strip())
>              ^^^^^^^^^^^^^^^^^^^^^^^^^
>TypeError: Projeto.__init__() takes 1 positional argument but 2 were given

 --- Expected output (text)---
>Gerente criado
>Bonus: 1489.0
>Projetos: Automa√ß√£o; API REST

-Test 2: test_2 (-10.000)
Incorrect program output
 --- Input ---
>Daniel; 4924.37; gerente
>Dashboard BI

 --- Program output ---
>Funcionario n√£o encontrado
>Traceback (most recent call last):
>  File "/home/p11161/Q2.py", line 55, in <module>
>    projeto = Projeto(nomes_eq.strip())
>              ^^^^^^^^^^^^^^^^^^^^^^^^^
>TypeError: Projeto.__init__() takes 1 positional argument but 2 were given

 --- Expected output (text)---
>Gerente criado
>Bonus: 1034.1
>Projetos: Dashboard BI

-Test 3: test_3 (-10.000)
Incorrect program output
 --- Input ---
>Daniel; 2201.72; gerente
>Dashboard BI

 --- Program output ---
>Funcionario n√£o encontrado
>Traceback (most recent call last):
>  File "/home/p11161/Q2.py", line 55, in <module>
>    projeto = Projeto(nomes_eq.strip())
>              ^^^^^^^^^^^^^^^^^^^^^^^^^
>TypeError: Projeto.__init__() takes 1 positional argument but 2 were given

 --- Expected output (text)---
>Gerente criado
>Bonus: 462.4
>Projetos: Dashboard BI

-Test 4: test_4 (-10.000)
Incorrect program output
 --- Input ---
>Bruno; 2142.55; desenvolvedor
>Dashboard BI; Sistema Web
>ProjetoInvalido

 --- Program output ---
>Funcionario n√£o encontrado
>Traceback (most recent call last):
>  File "/home/p11161/Q2.py", line 55, in <module>
>    projeto = Projeto(nomes_eq.strip())
>              ^^^^^^^^^^^^^^^^^^^^^^^^^
>TypeError: Projeto.__init__() takes 1 positional argument but 2 were given

 --- Expected output (text)---
>Desenvolvedor criado
>Bonus: 235.7
>TypeError: Projeto inv√°lido
>Projetos: Dashboard BI; Sistema Web

-Test 5: test_5 (-10.000)
Incorrect program output
 --- Input ---
>Daniel; 3510.56; desenvolvedor
>Automa√ß√£o

 --- Program output ---
>Funcionario n√£o encontrado
>Traceback (most recent call last):
>  File "/home/p11161/Q2.py", line 55, in <module>
>    projeto = Projeto(nomes_eq.strip())
>              ^^^^^^^^^^^^^^^^^^^^^^^^^
>TypeError: Projeto.__init__() takes 1 positional argument but 2 were given

 --- Expected output (text)---
>Desenvolvedor criado
>Bonus: 386.2
>Projetos: Automa√ß√£o

-Test 6: test_6 (-10.000)
Incorrect program output
 --- Input ---
>Bruno; 2552.86; gerente
>Automa√ß√£o

 --- Program output ---
>Funcionario n√£o encontrado
>Traceback (most recent call last):
>  File "/home/p11161/Q2.py", line 55, in <module>
>    projeto = Projeto(nomes_eq.strip())
>              ^^^^^^^^^^^^^^^^^^^^^^^^^
>TypeError: Projeto.__init__() takes 1 positional argument but 2 were given

 --- Expected output (text)---
>Gerente criado
>Bonus: 536.1
>Projetos: Automa√ß√£o

-Test 7: test_7 (-10.000)
Incorrect program output
 --- Input ---
>Gabriela; 3811.13; gerente
>Banco de Dados

 --- Program output ---
>Funcionario n√£o encontrado
>Traceback (most recent call last):
>  File "/home/p11161/Q2.py", line 55, in <module>
>    projeto = Projeto(nomes_eq.strip())
>              ^^^^^^^^^^^^^^^^^^^^^^^^^
>TypeError: Projeto.__init__() takes 1 positional argument but 2 were given

 --- Expected output (text)---
>Gerente criado
>Bonus: 800.3
>Projetos: Banco de Dados

-Test 8: test_8 (-10.000)
Incorrect program output
 --- Input ---
>Eva; 7963.61; gerente
>Automa√ß√£o

 --- Program output ---
>Funcionario n√£o encontrado
>Traceback (most recent call last):
>  File "/home/p11161/Q2.py", line 55, in <module>
>    projeto = Projeto(nomes_eq.strip())
>              ^^^^^^^^^^^^^^^^^^^^^^^^^
>TypeError: Projeto.__init__() takes 1 positional argument but 2 were given

 --- Expected output (text)---
>Gerente criado
>Bonus: 1672.4
>Projetos: Automa√ß√£o

-Test 9: test_9 (-10.000)
Incorrect program output
 --- Input ---
>Bruno; 9274.21; desenvolvedor
>Aplicativo Mobile

 --- Program output ---
>Funcionario n√£o encontrado
>Traceback (most recent call last):
>  File "/home/p11161/Q2.py", line 55, in <module>
>    projeto = Projeto(nomes_eq.strip())
>              ^^^^^^^^^^^^^^^^^^^^^^^^^
>TypeError: Projeto.__init__() takes 1 positional argument but 2 were given

 --- Expected output (text)---
>Desenvolvedor criado
>Bonus: 1020.2
>Projetos: Aplicativo Mobile

-Test 10: test_10 (-10.000)
Incorrect program output
 --- Input ---
>Eva; 6746.67; gerente
>Sistema Web; API REST

 --- Program output ---
>Funcionario n√£o encontrado
>Traceback (most recent call last):
>  File "/home/p11161/Q2.py", line 55, in <module>
>    projeto = Projeto(nomes_eq.strip())
>              ^^^^^^^^^^^^^^^^^^^^^^^^^
>TypeError: Projeto.__init__() takes 1 positional argument but 2 were given

 --- Expected output (text)---
>Gerente criado
>Bonus: 1416.8
>Projetos: Sistema Web; API REST

-Summary of tests
>+------------------------------+
>| 10 tests run/ 0 tests passed |
>+------------------------------+

-Nota: 15.00

-üöÄ Feedback autom√°tico gerado por IA ‚ö†Ô∏è Revise com cuidado, pode conter erros!

üö´ Erro detectado: problema de compila√ß√£o (sintaxe) ou execu√ß√£o (l√≥gica)!

üîç Abaixo, uma sugest√£o de corre√ß√£o com base na an√°lise do erro:

=== IN√çCIO [ü§ñ modelo: gemma2-9b-it] ===

 Q1.py
O programa est√° criando o objeto `GerenciadorDeSom` mas n√£o est√° atribuindo nenhum som a ele. 




**Sugest√£o:** Inicie o GerenciadorDeSom com um som atribu√≠do na classe. 




*-- Program output ---
>Gerenciador de som criado
>Som atual: None
>Tocando musica.mp3

 *-- Expected output (text)---
>Gerenciador de som criado
>Som atual: musica.mp3 

=== FIM [‚è∞  2025-08-27 09:36:58] ===
