
-Question 1:

AvaliaÃ§Ã£o: 0.000/1 (0.00%)

>Arquivo: Q1
>Escolhido: Q1.py
>Habilidades: 

AvaliaÃ§Ã£o: 0.00%
-Failed tests
Test 1: test_1
Test 2: test_2
Test 3: test_3
Test 4: test_4
Test 5: test_5
Test 6: test_6
Test 7: test_7
Test 8: test_8
Test 9: test_9
Test 10: test_10
-Test 1: test_1 (-10.000)
Incorrect program output
 --- Input ---
>Erro
>tocar_som

 --- Program output ---
>Gerenciador de som criado
>Traceback (most recent call last):
>  File "/home/p10228/Q1.py", line 29, in <module>
>    sistema.tocar_som(entrada)
>    ^^^^^^^^^^^^^^^^^
>AttributeError: 'NoneType' object has no attribute 'tocar_som'

 --- Expected output (text)---
>Gerenciador de som criado
>Tocando som: Erro

-Test 2: test_2 (-10.000)
Incorrect program output
 --- Input ---
>Erro
>som_atual

 --- Program output ---
>Gerenciador de som criado
>Traceback (most recent call last):
>  File "/home/p10228/Q1.py", line 31, in <module>
>    sistema.som_atual()
>    ^^^^^^^^^^^^^^^^^
>AttributeError: 'NoneType' object has no attribute 'som_atual'

 --- Expected output (text)---
>Gerenciador de som criado
>Tocando som: Erro
>Som atual: Erro

-Test 3: test_3 (-10.000)
Incorrect program output
 --- Input ---
>Campainha
>som_atual

 --- Program output ---
>Gerenciador de som criado
>Traceback (most recent call last):
>  File "/home/p10228/Q1.py", line 31, in <module>
>    sistema.som_atual()
>    ^^^^^^^^^^^^^^^^^
>AttributeError: 'NoneType' object has no attribute 'som_atual'

 --- Expected output (text)---
>Gerenciador de som criado
>Tocando som: Campainha
>Som atual: Campainha

-Test 4: test_4 (-10.000)
Incorrect program output
 --- Input ---
>Erro
>nova_instancia

 --- Program output ---
>Gerenciador de som criado
>Comando invalida

 --- Expected output (text)---
>Gerenciador de som criado
>Gerenciador jÃ¡ existente

-Test 5: test_5 (-10.000)
Incorrect program output
 --- Input ---
>Campainha
>som_atual

 --- Program output ---
>Gerenciador de som criado
>Traceback (most recent call last):
>  File "/home/p10228/Q1.py", line 31, in <module>
>    sistema.som_atual()
>    ^^^^^^^^^^^^^^^^^
>AttributeError: 'NoneType' object has no attribute 'som_atual'

 --- Expected output (text)---
>Gerenciador de som criado
>Tocando som: Campainha
>Som atual: Campainha

-Test 6: test_6 (-10.000)
Incorrect program output
 --- Input ---
>NotificaÃ§Ã£o
>nova_instancia

 --- Program output ---
>Gerenciador de som criado
>Comando invalida

 --- Expected output (text)---
>Gerenciador de som criado
>Gerenciador jÃ¡ existente

-Test 7: test_7 (-10.000)
Incorrect program output
 --- Input ---
>NotificaÃ§Ã£o
>tocar_som

 --- Program output ---
>Gerenciador de som criado
>Traceback (most recent call last):
>  File "/home/p10228/Q1.py", line 29, in <module>
>    sistema.tocar_som(entrada)
>    ^^^^^^^^^^^^^^^^^
>AttributeError: 'NoneType' object has no attribute 'tocar_som'

 --- Expected output (text)---
>Gerenciador de som criado
>Tocando som: NotificaÃ§Ã£o

-Test 8: test_8 (-10.000)
Incorrect program output
 --- Input ---
>Alerta
>tocar_som

 --- Program output ---
>Gerenciador de som criado
>Traceback (most recent call last):
>  File "/home/p10228/Q1.py", line 29, in <module>
>    sistema.tocar_som(entrada)
>    ^^^^^^^^^^^^^^^^^
>AttributeError: 'NoneType' object has no attribute 'tocar_som'

 --- Expected output (text)---
>Gerenciador de som criado
>Tocando som: Alerta

-Test 9: test_9 (-10.000)
Incorrect program output
 --- Input ---
>NotificaÃ§Ã£o
>som_atual

 --- Program output ---
>Gerenciador de som criado
>Traceback (most recent call last):
>  File "/home/p10228/Q1.py", line 31, in <module>
>    sistema.som_atual()
>    ^^^^^^^^^^^^^^^^^
>AttributeError: 'NoneType' object has no attribute 'som_atual'

 --- Expected output (text)---
>Gerenciador de som criado
>Tocando som: NotificaÃ§Ã£o
>Som atual: NotificaÃ§Ã£o

-Test 10: test_10 (-10.000)
Incorrect program output
 --- Input ---
>Erro
>nova_instancia

 --- Program output ---
>Gerenciador de som criado
>Comando invalida

 --- Expected output (text)---
>Gerenciador de som criado
>Gerenciador jÃ¡ existente

-Summary of tests
>+------------------------------+
>| 10 tests run/ 0 tests passed |
>+------------------------------+

-Question 2:

AvaliaÃ§Ã£o: 0.000/3 (0.00%)

>Arquivo: Q2
>Escolhido: Q2.py
>Habilidades: 

AvaliaÃ§Ã£o: 0.00%
-Failed tests
Test 1: test_1
Test 2: test_2
Test 3: test_3
Test 4: test_4
Test 5: test_5
Test 6: test_6
Test 7: test_7
Test 8: test_8
Test 9: test_9
Test 10: test_10
-Test 1: test_1 (-10.000)
Incorrect program output
 --- Input ---
>Ana; 7090.3; gerente
>AutomaÃ§Ã£o; API REST

 --- Program output ---

 --- Expected output (text)---
>Gerente criado
>Bonus: 1489.0
>Projetos: AutomaÃ§Ã£o; API REST

-Test 2: test_2 (-10.000)
Incorrect program output
 --- Input ---
>Daniel; 4924.37; gerente
>Dashboard BI

 --- Program output ---

 --- Expected output (text)---
>Gerente criado
>Bonus: 1034.1
>Projetos: Dashboard BI

-Test 3: test_3 (-10.000)
Incorrect program output
 --- Input ---
>Daniel; 2201.72; gerente
>Dashboard BI

 --- Program output ---

 --- Expected output (text)---
>Gerente criado
>Bonus: 462.4
>Projetos: Dashboard BI

-Test 4: test_4 (-10.000)
Incorrect program output
 --- Input ---
>Bruno; 2142.55; desenvolvedor
>Dashboard BI; Sistema Web
>ProjetoInvalido

 --- Program output ---

 --- Expected output (text)---
>Desenvolvedor criado
>Bonus: 235.7
>TypeError: Projeto invÃ¡lido
>Projetos: Dashboard BI; Sistema Web

-Test 5: test_5 (-10.000)
Incorrect program output
 --- Input ---
>Daniel; 3510.56; desenvolvedor
>AutomaÃ§Ã£o

 --- Program output ---

 --- Expected output (text)---
>Desenvolvedor criado
>Bonus: 386.2
>Projetos: AutomaÃ§Ã£o

-Test 6: test_6 (-10.000)
Incorrect program output
 --- Input ---
>Bruno; 2552.86; gerente
>AutomaÃ§Ã£o

 --- Program output ---

 --- Expected output (text)---
>Gerente criado
>Bonus: 536.1
>Projetos: AutomaÃ§Ã£o

-Test 7: test_7 (-10.000)
Incorrect program output
 --- Input ---
>Gabriela; 3811.13; gerente
>Banco de Dados

 --- Program output ---

 --- Expected output (text)---
>Gerente criado
>Bonus: 800.3
>Projetos: Banco de Dados

-Test 8: test_8 (-10.000)
Incorrect program output
 --- Input ---
>Eva; 7963.61; gerente
>AutomaÃ§Ã£o

 --- Program output ---

 --- Expected output (text)---
>Gerente criado
>Bonus: 1672.4
>Projetos: AutomaÃ§Ã£o

-Test 9: test_9 (-10.000)
Incorrect program output
 --- Input ---
>Bruno; 9274.21; desenvolvedor
>Aplicativo Mobile

 --- Program output ---

 --- Expected output (text)---
>Desenvolvedor criado
>Bonus: 1020.2
>Projetos: Aplicativo Mobile

-Test 10: test_10 (-10.000)
Incorrect program output
 --- Input ---
>Eva; 6746.67; gerente
>Sistema Web; API REST

 --- Program output ---

 --- Expected output (text)---
>Gerente criado
>Bonus: 1416.8
>Projetos: Sistema Web; API REST

-Summary of tests
>+------------------------------+
>| 10 tests run/ 0 tests passed |
>+------------------------------+

-Nota: 0.00

-ğŸš€ Feedback automÃ¡tico gerado por IA âš ï¸ Revise com cuidado, pode conter erros!

ğŸš« Erro detectado: problema de compilaÃ§Ã£o (sintaxe) ou execuÃ§Ã£o (lÃ³gica)!

ğŸ” Abaixo, uma sugestÃ£o de correÃ§Ã£o com base na anÃ¡lise do erro:

=== INÃCIO [ğŸ¤– modelo: moonshotai/kimi-k2-instruct] ===

 Q1.py
1. O erro ocorre porque a variÃ¡vel `sistema` recebeu `None`, ou seja, a tentativa de criar o objeto `GerenciadorDeSom` retornou `None` em vez de uma instÃ¢ncia vÃ¡lida.
2. Isso normalmente acontece quando o construtor `__init__` nÃ£o Ã© declarado corretamente ou, mais comum em iniciantes, quando a palavra-chave `return` Ã© usada dentro de `__init__`, impedindo a devoluÃ§Ã£o correta da instÃ¢ncia.
3. Verifique se a classe possui um mÃ©todo `__init__` sem instruÃ§Ã£o `return`; ele deve apenas inicializar os atributos, pois o Python retorna automaticamente a nova instÃ¢ncia.

=== FIM [â°  2025-08-27 08:47:10] ===
