
-Question 1:

AvaliaÃ§Ã£o: 0.900/1 (90.00%)

>Arquivo: Q1
>Escolhido: Q1.py
>Habilidades: 

AvaliaÃ§Ã£o: 90.00%
-Test 6: test_6 (-10.000)
Incorrect program output
 --- Input ---
>Nova conexÃ£o
>listar

 --- Program output ---
>Central iniciada
>Nova notificaÃ§Ã£o: Nova conexÃ£o
>NotificaÃ§Ãµes:
>Nova ConexÃ£o
>Mensagem recebida
>Nova conexÃ£o

 --- Expected output (text)---
>Central iniciada
>Nova notificaÃ§Ã£o: Nova conexÃ£o
>NotificaÃ§Ãµes:
>Nova conexÃ£o
>Mensagem recebida
>AtualizaÃ§Ã£o disponÃ­vel
>Nova conexÃ£o
>Nova conexÃ£o

-Summary of tests
>+------------------------------+
>| 10 tests run/ 9 tests passed |
>+------------------------------+

-Question 2:

AvaliaÃ§Ã£o: 0.600/3 (20.00%)

>Arquivo: Q2
>Escolhido: Q2.py
>Habilidades: 

AvaliaÃ§Ã£o: 20.00%
-Failed tests
Test 1: test_1
Test 2: test_2
Test 3: test_3
Test 5: test_5
Test 6: test_6
Test 7: test_7
Test 9: test_9
Test 10: test_10
-Test 1: test_1 (-10.000)
Incorrect program output
 --- Input ---
>AdministraÃ§Ã£o; 3; graduacao
>EstatÃ­stica

 --- Program output ---
>GraduaÃ§Ã£o criada
>Carga horÃ¡ria: 600
>Traceback (most recent call last):
>  File "/home/p10427/Q2.py", line 56, in <module>
>    curso.adicionar_disciplina(entradas_d)
>  File "/home/p10427/Q2.py", line 29, in adicionar_disciplina
>    self.disciplinas.append(disciplina.nome)
>                            ^^^^^^^^^^^^^^^
>AttributeError: 'str' object has no attribute 'nome'

 --- Expected output (text)---
>GraduaÃ§Ã£o criada
>Carga horÃ¡ria: 600
>Disciplinas: EstatÃ­stica

-Test 2: test_2 (-10.000)
Incorrect program output
 --- Input ---
>ComputaÃ§Ã£o; 3; graduacao
>EstatÃ­stica; QuÃ­mica; Ã‰tica

 --- Program output ---
>GraduaÃ§Ã£o criada
>Carga horÃ¡ria: 600
>Traceback (most recent call last):
>  File "/home/p10427/Q2.py", line 56, in <module>
>    curso.adicionar_disciplina(entradas_d)
>  File "/home/p10427/Q2.py", line 29, in adicionar_disciplina
>    self.disciplinas.append(disciplina.nome)
>                            ^^^^^^^^^^^^^^^
>AttributeError: 'str' object has no attribute 'nome'

 --- Expected output (text)---
>GraduaÃ§Ã£o criada
>Carga horÃ¡ria: 600
>Disciplinas: EstatÃ­stica; QuÃ­mica; Ã‰tica

-Test 3: test_3 (-10.000)
Incorrect program output
 --- Input ---
>MatemÃ¡tica; 9; pos
>QuÃ­mica; EstatÃ­stica

 --- Program output ---
>PÃ³s-graduaÃ§Ã£o criada
>Carga horÃ¡ria: 1206
>Traceback (most recent call last):
>  File "/home/p10427/Q2.py", line 56, in <module>
>    curso.adicionar_disciplina(entradas_d)
>  File "/home/p10427/Q2.py", line 40, in adicionar_disciplina
>    self.disciplinas.append(disciplina.nome)
>                            ^^^^^^^^^^^^^^^
>AttributeError: 'str' object has no attribute 'nome'

 --- Expected output (text)---
>PÃ³s-graduaÃ§Ã£o criada
>Carga horÃ¡ria: 1206
>Disciplinas: QuÃ­mica; EstatÃ­stica

-Test 5: test_5 (-10.000)
Incorrect program output
 --- Input ---
>ComputaÃ§Ã£o; 8; pos
>CÃ¡lculo; Ã‰tica; InglÃªs

 --- Program output ---
>PÃ³s-graduaÃ§Ã£o criada
>Carga horÃ¡ria: 1072
>Traceback (most recent call last):
>  File "/home/p10427/Q2.py", line 56, in <module>
>    curso.adicionar_disciplina(entradas_d)
>  File "/home/p10427/Q2.py", line 40, in adicionar_disciplina
>    self.disciplinas.append(disciplina.nome)
>                            ^^^^^^^^^^^^^^^
>AttributeError: 'str' object has no attribute 'nome'

 --- Expected output (text)---
>PÃ³s-graduaÃ§Ã£o criada
>Carga horÃ¡ria: 1072
>Disciplinas: CÃ¡lculo; Ã‰tica; InglÃªs

-Test 6: test_6 (-10.000)
Incorrect program output
 --- Input ---
>Psicologia; 8; pos
>QuÃ­mica; Metodologia; Ã‰tica

 --- Program output ---
>PÃ³s-graduaÃ§Ã£o criada
>Carga horÃ¡ria: 1072
>Traceback (most recent call last):
>  File "/home/p10427/Q2.py", line 56, in <module>
>    curso.adicionar_disciplina(entradas_d)
>  File "/home/p10427/Q2.py", line 40, in adicionar_disciplina
>    self.disciplinas.append(disciplina.nome)
>                            ^^^^^^^^^^^^^^^
>AttributeError: 'str' object has no attribute 'nome'

 --- Expected output (text)---
>PÃ³s-graduaÃ§Ã£o criada
>Carga horÃ¡ria: 1072
>Disciplinas: QuÃ­mica; Metodologia; Ã‰tica

-Test 7: test_7 (-10.000)
Incorrect program output
 --- Input ---
>AdministraÃ§Ã£o; 9; graduacao
>CÃ¡lculo

 --- Program output ---
>GraduaÃ§Ã£o criada
>Carga horÃ¡ria: 1800
>Traceback (most recent call last):
>  File "/home/p10427/Q2.py", line 56, in <module>
>    curso.adicionar_disciplina(entradas_d)
>  File "/home/p10427/Q2.py", line 29, in adicionar_disciplina
>    self.disciplinas.append(disciplina.nome)
>                            ^^^^^^^^^^^^^^^
>AttributeError: 'str' object has no attribute 'nome'

 --- Expected output (text)---
>GraduaÃ§Ã£o criada
>Carga horÃ¡ria: 1800
>Disciplinas: CÃ¡lculo

-Test 9: test_9 (-10.000)
Incorrect program output
 --- Input ---
>AdministraÃ§Ã£o; 10; pos
>EstatÃ­stica

 --- Program output ---
>PÃ³s-graduaÃ§Ã£o criada
>Carga horÃ¡ria: 1340
>Traceback (most recent call last):
>  File "/home/p10427/Q2.py", line 56, in <module>
>    curso.adicionar_disciplina(entradas_d)
>  File "/home/p10427/Q2.py", line 40, in adicionar_disciplina
>    self.disciplinas.append(disciplina.nome)
>                            ^^^^^^^^^^^^^^^
>AttributeError: 'str' object has no attribute 'nome'

 --- Expected output (text)---
>PÃ³s-graduaÃ§Ã£o criada
>Carga horÃ¡ria: 1340
>Disciplinas: EstatÃ­stica

-Test 10: test_10 (-10.000)
Incorrect program output
 --- Input ---
>ComputaÃ§Ã£o; 3; graduacao
>QuÃ­mica; EstatÃ­stica

 --- Program output ---
>GraduaÃ§Ã£o criada
>Carga horÃ¡ria: 600
>Traceback (most recent call last):
>  File "/home/p10427/Q2.py", line 56, in <module>
>    curso.adicionar_disciplina(entradas_d)
>  File "/home/p10427/Q2.py", line 29, in adicionar_disciplina
>    self.disciplinas.append(disciplina.nome)
>                            ^^^^^^^^^^^^^^^
>AttributeError: 'str' object has no attribute 'nome'

 --- Expected output (text)---
>GraduaÃ§Ã£o criada
>Carga horÃ¡ria: 600
>Disciplinas: QuÃ­mica; EstatÃ­stica

-Summary of tests
>+------------------------------+
>| 10 tests run/ 2 tests passed |
>+------------------------------+

-Nota: 37.50

-ğŸš€ Feedback automÃ¡tico gerado por IA âš ï¸ Revise com cuidado, pode conter erros!

ğŸš« Erro detectado: problema de compilaÃ§Ã£o (sintaxe) ou execuÃ§Ã£o (lÃ³gica)!

ğŸ” Abaixo, uma sugestÃ£o de correÃ§Ã£o com base na anÃ¡lise do erro:

=== INÃCIO [ğŸ¤– modelo: gemma2-9b-it] ===

 Q1.py
O cÃ³digo apresenta um problema na forma como as notificaÃ§Ãµes sÃ£o armazenadas e exibidas.  

SugestÃ£o: Utilize uma estrutura de dados apropriada, como uma lista, para armazenar as notificaÃ§Ãµes e iterar sobre ela para exibir.

*-- 

=== FIM [â°  2025-08-27 08:49:29] ===
