<|--

--|>


<|--
-Question 1:

AvaliaÃ§Ã£o: 0.300/1 (30.00%)

>Arquivo: Q1
>Escolhido: Q1.py
>Habilidades: 

AvaliaÃ§Ã£o: 30.00%
--|>

Testing 1/10 : test_1
Testing 2/10 : test_2
Testing 3/10 : test_3
Testing 4/10 : test_4
Testing 5/10 : test_5
Testing 6/10 : test_6
Testing 7/10 : test_7
Testing 8/10 : test_8
Testing 9/10 : test_9
Testing 10/10 : test_10

<|--
-Failed tests
Test 1: test_1
Test 2: test_2
Test 3: test_3
Test 5: test_5
Test 7: test_7
Test 8: test_8
Test 9: test_9
--|>

<|--
-Test 1: test_1 (-10.000)
Incorrect program output
 --- Input ---
>Erro
>tocar_som

 --- Program output ---
>Gerenciador de som criado
>Traceback (most recent call last):
>  File "/home/p11074/Q1.py", line 32, in <module>
>    print(sistema.toca_som())
>          ^^^^^^^^^^^^^^^^
>AttributeError: 'SomSistema' object has no attribute 'toca_som'. Did you mean: 'tocar_som'?

 --- Expected output (text)---
>Gerenciador de som criado
>Tocando som: Erro

-Test 2: test_2 (-10.000)
Incorrect program output
 --- Input ---
>Erro
>som_atual

 --- Program output ---
>Gerenciador de som criado
>Som atual: Erro

 --- Expected output (text)---
>Gerenciador de som criado
>Tocando som: Erro
>Som atual: Erro

-Test 3: test_3 (-10.000)
Incorrect program output
 --- Input ---
>Campainha
>som_atual

 --- Program output ---
>Gerenciador de som criado
>Som atual: Campainha

 --- Expected output (text)---
>Gerenciador de som criado
>Tocando som: Campainha
>Som atual: Campainha

-Test 5: test_5 (-10.000)
Incorrect program output
 --- Input ---
>Campainha
>som_atual

 --- Program output ---
>Gerenciador de som criado
>Som atual: Campainha

 --- Expected output (text)---
>Gerenciador de som criado
>Tocando som: Campainha
>Som atual: Campainha

-Test 7: test_7 (-10.000)
Incorrect program output
 --- Input ---
>NotificaÃ§Ã£o
>tocar_som

 --- Program output ---
>Gerenciador de som criado
>Traceback (most recent call last):
>  File "/home/p11074/Q1.py", line 32, in <module>
>    print(sistema.toca_som())
>          ^^^^^^^^^^^^^^^^
>AttributeError: 'SomSistema' object has no attribute 'toca_som'. Did you mean: 'tocar_som'?

 --- Expected output (text)---
>Gerenciador de som criado
>Tocando som: NotificaÃ§Ã£o

-Test 8: test_8 (-10.000)
Incorrect program output
 --- Input ---
>Alerta
>tocar_som

 --- Program output ---
>Gerenciador de som criado
>Traceback (most recent call last):
>  File "/home/p11074/Q1.py", line 32, in <module>
>    print(sistema.toca_som())
>          ^^^^^^^^^^^^^^^^
>AttributeError: 'SomSistema' object has no attribute 'toca_som'. Did you mean: 'tocar_som'?

 --- Expected output (text)---
>Gerenciador de som criado
>Tocando som: Alerta

-Test 9: test_9 (-10.000)
Incorrect program output
 --- Input ---
>NotificaÃ§Ã£o
>som_atual

 --- Program output ---
>Gerenciador de som criado
>Som atual: NotificaÃ§Ã£o

 --- Expected output (text)---
>Gerenciador de som criado
>Tocando som: NotificaÃ§Ã£o
>Som atual: NotificaÃ§Ã£o

--|>

<|--
-Summary of tests
>+------------------------------+
>| 10 tests run/ 3 tests passed |
>+------------------------------+

--|>

PartialGrade :=>>30


<|--
-Question 2:

AvaliaÃ§Ã£o: 0.000/3 (0.00%)

>Arquivo: Q2
>Escolhido: Q2.py
>Habilidades: 

AvaliaÃ§Ã£o: 0.00%
--|>

Testing 1/10 : test_1
Testing 2/10 : test_2
Testing 3/10 : test_3
Testing 4/10 : test_4
Testing 5/10 : test_5
Testing 6/10 : test_6
Testing 7/10 : test_7
Testing 8/10 : test_8
Testing 9/10 : test_9
Testing 10/10 : test_10

<|--
-Failed tests
Test 1: test_1
Test 2: test_2
Test 3: test_3
Test 4: test_4
Test 5: test_5
Test 6: test_6
Test 7: test_7
Test 8: test_8
Test 9: test_9
Test 10: test_10
--|>

<|--
-Test 1: test_1 (-10.000)
Incorrect program output
 --- Input ---
>Ana; 7090.3; gerente
>AutomaÃ§Ã£o; API REST

 --- Program output ---
>  File "/home/p11074/Q2.py", line 19
>    def adicionar_projeto(self, projeto)
>                                        ^
>SyntaxError: expected ':'

 --- Expected output (text)---
>Gerente criado
>Bonus: 1489.0
>Projetos: AutomaÃ§Ã£o; API REST

-Test 2: test_2 (-10.000)
Incorrect program output
 --- Input ---
>Daniel; 4924.37; gerente
>Dashboard BI

 --- Program output ---
>  File "/home/p11074/Q2.py", line 19
>    def adicionar_projeto(self, projeto)
>                                        ^
>SyntaxError: expected ':'

 --- Expected output (text)---
>Gerente criado
>Bonus: 1034.1
>Projetos: Dashboard BI

-Test 3: test_3 (-10.000)
Incorrect program output
 --- Input ---
>Daniel; 2201.72; gerente
>Dashboard BI

 --- Program output ---
>  File "/home/p11074/Q2.py", line 19
>    def adicionar_projeto(self, projeto)
>                                        ^
>SyntaxError: expected ':'

 --- Expected output (text)---
>Gerente criado
>Bonus: 462.4
>Projetos: Dashboard BI

-Test 4: test_4 (-10.000)
Incorrect program output
 --- Input ---
>Bruno; 2142.55; desenvolvedor
>Dashboard BI; Sistema Web
>ProjetoInvalido

 --- Program output ---
>  File "/home/p11074/Q2.py", line 19
>    def adicionar_projeto(self, projeto)
>                                        ^
>SyntaxError: expected ':'

 --- Expected output (text)---
>Desenvolvedor criado
>Bonus: 235.7
>TypeError: Projeto invÃ¡lido
>Projetos: Dashboard BI; Sistema Web

-Test 5: test_5 (-10.000)
Incorrect program output
 --- Input ---
>Daniel; 3510.56; desenvolvedor
>AutomaÃ§Ã£o

 --- Program output ---
>  File "/home/p11074/Q2.py", line 19
>    def adicionar_projeto(self, projeto)
>                                        ^
>SyntaxError: expected ':'

 --- Expected output (text)---
>Desenvolvedor criado
>Bonus: 386.2
>Projetos: AutomaÃ§Ã£o

-Test 6: test_6 (-10.000)
Incorrect program output
 --- Input ---
>Bruno; 2552.86; gerente
>AutomaÃ§Ã£o

 --- Program output ---
>  File "/home/p11074/Q2.py", line 19
>    def adicionar_projeto(self, projeto)
>                                        ^
>SyntaxError: expected ':'

 --- Expected output (text)---
>Gerente criado
>Bonus: 536.1
>Projetos: AutomaÃ§Ã£o

-Test 7: test_7 (-10.000)
Incorrect program output
 --- Input ---
>Gabriela; 3811.13; gerente
>Banco de Dados

 --- Program output ---
>  File "/home/p11074/Q2.py", line 19
>    def adicionar_projeto(self, projeto)
>                                        ^
>SyntaxError: expected ':'

 --- Expected output (text)---
>Gerente criado
>Bonus: 800.3
>Projetos: Banco de Dados

-Test 8: test_8 (-10.000)
Incorrect program output
 --- Input ---
>Eva; 7963.61; gerente
>AutomaÃ§Ã£o

 --- Program output ---
>  File "/home/p11074/Q2.py", line 19
>    def adicionar_projeto(self, projeto)
>                                        ^
>SyntaxError: expected ':'

 --- Expected output (text)---
>Gerente criado
>Bonus: 1672.4
>Projetos: AutomaÃ§Ã£o

-Test 9: test_9 (-10.000)
Incorrect program output
 --- Input ---
>Bruno; 9274.21; desenvolvedor
>Aplicativo Mobile

 --- Program output ---
>  File "/home/p11074/Q2.py", line 19
>    def adicionar_projeto(self, projeto)
>                                        ^
>SyntaxError: expected ':'

 --- Expected output (text)---
>Desenvolvedor criado
>Bonus: 1020.2
>Projetos: Aplicativo Mobile

-Test 10: test_10 (-10.000)
Incorrect program output
 --- Input ---
>Eva; 6746.67; gerente
>Sistema Web; API REST

 --- Program output ---
>  File "/home/p11074/Q2.py", line 19
>    def adicionar_projeto(self, projeto)
>                                        ^
>SyntaxError: expected ':'

 --- Expected output (text)---
>Gerente criado
>Bonus: 1416.8
>Projetos: Sistema Web; API REST

--|>

<|--
-Summary of tests
>+------------------------------+
>| 10 tests run/ 0 tests passed |
>+------------------------------+

--|>

PartialGrade :=>> 0


<|--
-Nota: 7.50
--|>
Grade :=>> 7.500
<|--

-ğŸš€ Feedback automÃ¡tico gerado por IA âš ï¸ Revise com cuidado, pode conter erros!

ğŸš« Erro detectado: problema de compilaÃ§Ã£o (sintaxe) ou execuÃ§Ã£o (lÃ³gica)!

ğŸ” Abaixo, uma sugestÃ£o de correÃ§Ã£o com base na anÃ¡lise do erro:

=== INÃCIO [ğŸ¤– modelo: llama-3.3-70b-versatile] ===

 Q1.py
1. O erro apresentado indica que o objeto SomSistema nÃ£o possui o atributo toca_som, mas sim tocar_som.
2. O aluno deve verificar se o mÃ©todo tocar_som foi corretamente definido na classe SomSistema.
3. A correÃ§Ã£o envolve alterar a chamada do mÃ©todo para o nome correto, que Ã© tocar_som.
4. Verificar se o mÃ©todo tocar_som estÃ¡ implementado corretamente na classe SomSistema.
5. O aluno deve garantir que o mÃ©todo tocar_som esteja acessÃ­vel e seja um mÃ©todo da classe SomSistema.

=== FIM [â°  2025-08-27 09:25:17] ===
--|>
