
-Question 1:

Avalia√ß√£o: 0.900/1 (90.00%)

>Arquivo: Q1
>Escolhido: Q1.py
>Habilidades: 

Avalia√ß√£o: 90.00%
-Test 6: test_6 (-10.000)
Incorrect program output
 --- Input ---
>Nova conex√£o
>listar

 --- Program output ---
>Central iniciada
>Nova notifica√ß√£o: Nova conex√£o
>Notifica√ß√µes:
>Nova Conex√£o
>Mensagem recebida
>Nova conex√£o

 --- Expected output (text)---
>Central iniciada
>Nova notifica√ß√£o: Nova conex√£o
>Notifica√ß√µes:
>Nova conex√£o
>Mensagem recebida
>Atualiza√ß√£o dispon√≠vel
>Nova conex√£o
>Nova conex√£o

-Summary of tests
>+------------------------------+
>| 10 tests run/ 9 tests passed |
>+------------------------------+

-Question 2:

Avalia√ß√£o: 0.000/3 (0.00%)

>Arquivo: Q2
>Escolhido: Q2.py
>Habilidades: 

Avalia√ß√£o: 0.00%
-Failed tests
Test 1: test_1
Test 2: test_2
Test 3: test_3
Test 4: test_4
Test 5: test_5
Test 6: test_6
Test 7: test_7
Test 8: test_8
Test 9: test_9
Test 10: test_10
-Test 1: test_1 (-10.000)
Incorrect program output
 --- Input ---
>Administra√ß√£o; 3; graduacao
>Estat√≠stica

 --- Program output ---
>Traceback (most recent call last):
>  File "/home/p11060/Q2.py", line 1, in <module>
>    asdasdasd
>NameError: name 'asdasdasd' is not defined

 --- Expected output (text)---
>Gradua√ß√£o criada
>Carga hor√°ria: 600
>Disciplinas: Estat√≠stica

-Test 2: test_2 (-10.000)
Incorrect program output
 --- Input ---
>Computa√ß√£o; 3; graduacao
>Estat√≠stica; Qu√≠mica; √âtica

 --- Program output ---
>Traceback (most recent call last):
>  File "/home/p11060/Q2.py", line 1, in <module>
>    asdasdasd
>NameError: name 'asdasdasd' is not defined

 --- Expected output (text)---
>Gradua√ß√£o criada
>Carga hor√°ria: 600
>Disciplinas: Estat√≠stica; Qu√≠mica; √âtica

-Test 3: test_3 (-10.000)
Incorrect program output
 --- Input ---
>Matem√°tica; 9; pos
>Qu√≠mica; Estat√≠stica

 --- Program output ---
>Traceback (most recent call last):
>  File "/home/p11060/Q2.py", line 1, in <module>
>    asdasdasd
>NameError: name 'asdasdasd' is not defined

 --- Expected output (text)---
>P√≥s-gradua√ß√£o criada
>Carga hor√°ria: 1206
>Disciplinas: Qu√≠mica; Estat√≠stica

-Test 4: test_4 (-10.000)
Incorrect program output
 --- Input ---
>Administra√ß√£o; -1; graduacao

 --- Program output ---
>Traceback (most recent call last):
>  File "/home/p11060/Q2.py", line 1, in <module>
>    asdasdasd
>NameError: name 'asdasdasd' is not defined

 --- Expected output (text)---
>ValueError: Dura√ß√£o inv√°lida

-Test 5: test_5 (-10.000)
Incorrect program output
 --- Input ---
>Computa√ß√£o; 8; pos
>C√°lculo; √âtica; Ingl√™s

 --- Program output ---
>Traceback (most recent call last):
>  File "/home/p11060/Q2.py", line 1, in <module>
>    asdasdasd
>NameError: name 'asdasdasd' is not defined

 --- Expected output (text)---
>P√≥s-gradua√ß√£o criada
>Carga hor√°ria: 1072
>Disciplinas: C√°lculo; √âtica; Ingl√™s

-Test 6: test_6 (-10.000)
Incorrect program output
 --- Input ---
>Psicologia; 8; pos
>Qu√≠mica; Metodologia; √âtica

 --- Program output ---
>Traceback (most recent call last):
>  File "/home/p11060/Q2.py", line 1, in <module>
>    asdasdasd
>NameError: name 'asdasdasd' is not defined

 --- Expected output (text)---
>P√≥s-gradua√ß√£o criada
>Carga hor√°ria: 1072
>Disciplinas: Qu√≠mica; Metodologia; √âtica

-Test 7: test_7 (-10.000)
Incorrect program output
 --- Input ---
>Administra√ß√£o; 9; graduacao
>C√°lculo

 --- Program output ---
>Traceback (most recent call last):
>  File "/home/p11060/Q2.py", line 1, in <module>
>    asdasdasd
>NameError: name 'asdasdasd' is not defined

 --- Expected output (text)---
>Gradua√ß√£o criada
>Carga hor√°ria: 1800
>Disciplinas: C√°lculo

-Test 8: test_8 (-10.000)
Incorrect program output
 --- Input ---
>Administra√ß√£o; -1; pos

 --- Program output ---
>Traceback (most recent call last):
>  File "/home/p11060/Q2.py", line 1, in <module>
>    asdasdasd
>NameError: name 'asdasdasd' is not defined

 --- Expected output (text)---
>ValueError: Dura√ß√£o inv√°lida

-Test 9: test_9 (-10.000)
Incorrect program output
 --- Input ---
>Administra√ß√£o; 10; pos
>Estat√≠stica

 --- Program output ---
>Traceback (most recent call last):
>  File "/home/p11060/Q2.py", line 1, in <module>
>    asdasdasd
>NameError: name 'asdasdasd' is not defined

 --- Expected output (text)---
>P√≥s-gradua√ß√£o criada
>Carga hor√°ria: 1340
>Disciplinas: Estat√≠stica

-Test 10: test_10 (-10.000)
Incorrect program output
 --- Input ---
>Computa√ß√£o; 3; graduacao
>Qu√≠mica; Estat√≠stica

 --- Program output ---
>Traceback (most recent call last):
>  File "/home/p11060/Q2.py", line 1, in <module>
>    asdasdasd
>NameError: name 'asdasdasd' is not defined

 --- Expected output (text)---
>Gradua√ß√£o criada
>Carga hor√°ria: 600
>Disciplinas: Qu√≠mica; Estat√≠stica

-Summary of tests
>+------------------------------+
>| 10 tests run/ 0 tests passed |
>+------------------------------+

-Nota: 22.50

-üöÄ Feedback autom√°tico gerado por IA ‚ö†Ô∏è Revise com cuidado, pode conter erros!

üö´ Erro detectado: problema de compila√ß√£o (sintaxe) ou execu√ß√£o (l√≥gica)!

üîç Abaixo, uma sugest√£o de corre√ß√£o com base na an√°lise do erro:

=== IN√çCIO [ü§ñ modelo: llama-3.3-70b-versatile] ===

 Q1.py
1. O erro parece estar relacionado √† ordem em que as notifica√ß√µes s√£o processadas e impressas.
2. A sa√≠da esperada n√£o est√° de acordo com a sa√≠da do programa, indicando que as notifica√ß√µes n√£o est√£o sendo adicionadas ou impressas corretamente.
3. A notifica√ß√£o "Mensagem recebida" n√£o est√° sendo impressa na lista de notifica√ß√µes, apenas como uma notifica√ß√£o isolada.
4. A impress√£o da lista de notifica√ß√µes parece estar faltando uma notifica√ß√£o, pois a conex√£o foi estabelecida duas vezes, mas apenas uma conex√£o est√° sendo exibida.
5. √â necess√°rio verificar a l√≥gica de processamento e impress√£o das notifica√ß√µes para garantir que elas sejam adicionadas e exibidas corretamente.
6. A impress√£o da lista de notifica√ß√µes deve refletir todas as notifica√ß√µes recebidas, incluindo as conex√µes e mensagens.
7. A ordem das notifica√ß√µes na lista deve ser a mesma em que elas foram recebidas.

=== FIM [‚è∞  2025-08-27 08:18:31] ===
