<|--

--|>


<|--
-Question 1:

AvaliaÃ§Ã£o: 0.900/1 (90.00%)

>Arquivo: Q1
>Escolhido: Q1.py
>Habilidades: 

AvaliaÃ§Ã£o: 90.00%
--|>

Testing 1/10 : test_1
Testing 2/10 : test_2
Testing 3/10 : test_3
Testing 4/10 : test_4
Testing 5/10 : test_5
Testing 6/10 : test_6
Testing 7/10 : test_7
Testing 8/10 : test_8
Testing 9/10 : test_9
Testing 10/10 : test_10

<|--
-Test 6: test_6 (-10.000)
Incorrect program output
 --- Input ---
>Nova conexÃ£o
>listar

 --- Program output ---
>Central iniciada
>Nova notificaÃ§Ã£o: Nova conexÃ£o
>NotificaÃ§Ãµes:
>Nova ConexÃ£o
>Mensagem recebida
>Nova conexÃ£o

 --- Expected output (text)---
>Central iniciada
>Nova notificaÃ§Ã£o: Nova conexÃ£o
>NotificaÃ§Ãµes:
>Nova conexÃ£o
>Mensagem recebida
>AtualizaÃ§Ã£o disponÃ­vel
>Nova conexÃ£o
>Nova conexÃ£o

--|>

<|--
-Summary of tests
>+------------------------------+
>| 10 tests run/ 9 tests passed |
>+------------------------------+

--|>

PartialGrade :=>>90


<|--
-Question 2:

AvaliaÃ§Ã£o: 0.000/3 (0.00%)

>Arquivo: Q2
>Escolhido: Q2.py
>Habilidades: 

AvaliaÃ§Ã£o: 0.00%
--|>

Testing 1/10 : test_1
Testing 2/10 : test_2
Testing 3/10 : test_3
Testing 4/10 : test_4
Testing 5/10 : test_5
Testing 6/10 : test_6
Testing 7/10 : test_7
Testing 8/10 : test_8
Testing 9/10 : test_9
Testing 10/10 : test_10

<|--
-Failed tests
Test 1: test_1
Test 2: test_2
Test 3: test_3
Test 4: test_4
Test 5: test_5
Test 6: test_6
Test 7: test_7
Test 8: test_8
Test 9: test_9
Test 10: test_10
--|>

<|--
-Test 1: test_1 (-10.000)
Incorrect program output
 --- Input ---
>AdministraÃ§Ã£o; 3; graduacao
>EstatÃ­stica

 --- Program output ---
>Traceback (most recent call last):
>  File "/home/p11060/Q2.py", line 1, in <module>
>    asdasdasd
>NameError: name 'asdasdasd' is not defined

 --- Expected output (text)---
>GraduaÃ§Ã£o criada
>Carga horÃ¡ria: 600
>Disciplinas: EstatÃ­stica

-Test 2: test_2 (-10.000)
Incorrect program output
 --- Input ---
>ComputaÃ§Ã£o; 3; graduacao
>EstatÃ­stica; QuÃ­mica; Ã‰tica

 --- Program output ---
>Traceback (most recent call last):
>  File "/home/p11060/Q2.py", line 1, in <module>
>    asdasdasd
>NameError: name 'asdasdasd' is not defined

 --- Expected output (text)---
>GraduaÃ§Ã£o criada
>Carga horÃ¡ria: 600
>Disciplinas: EstatÃ­stica; QuÃ­mica; Ã‰tica

-Test 3: test_3 (-10.000)
Incorrect program output
 --- Input ---
>MatemÃ¡tica; 9; pos
>QuÃ­mica; EstatÃ­stica

 --- Program output ---
>Traceback (most recent call last):
>  File "/home/p11060/Q2.py", line 1, in <module>
>    asdasdasd
>NameError: name 'asdasdasd' is not defined

 --- Expected output (text)---
>PÃ³s-graduaÃ§Ã£o criada
>Carga horÃ¡ria: 1206
>Disciplinas: QuÃ­mica; EstatÃ­stica

-Test 4: test_4 (-10.000)
Incorrect program output
 --- Input ---
>AdministraÃ§Ã£o; -1; graduacao

 --- Program output ---
>Traceback (most recent call last):
>  File "/home/p11060/Q2.py", line 1, in <module>
>    asdasdasd
>NameError: name 'asdasdasd' is not defined

 --- Expected output (text)---
>ValueError: DuraÃ§Ã£o invÃ¡lida

-Test 5: test_5 (-10.000)
Incorrect program output
 --- Input ---
>ComputaÃ§Ã£o; 8; pos
>CÃ¡lculo; Ã‰tica; InglÃªs

 --- Program output ---
>Traceback (most recent call last):
>  File "/home/p11060/Q2.py", line 1, in <module>
>    asdasdasd
>NameError: name 'asdasdasd' is not defined

 --- Expected output (text)---
>PÃ³s-graduaÃ§Ã£o criada
>Carga horÃ¡ria: 1072
>Disciplinas: CÃ¡lculo; Ã‰tica; InglÃªs

-Test 6: test_6 (-10.000)
Incorrect program output
 --- Input ---
>Psicologia; 8; pos
>QuÃ­mica; Metodologia; Ã‰tica

 --- Program output ---
>Traceback (most recent call last):
>  File "/home/p11060/Q2.py", line 1, in <module>
>    asdasdasd
>NameError: name 'asdasdasd' is not defined

 --- Expected output (text)---
>PÃ³s-graduaÃ§Ã£o criada
>Carga horÃ¡ria: 1072
>Disciplinas: QuÃ­mica; Metodologia; Ã‰tica

-Test 7: test_7 (-10.000)
Incorrect program output
 --- Input ---
>AdministraÃ§Ã£o; 9; graduacao
>CÃ¡lculo

 --- Program output ---
>Traceback (most recent call last):
>  File "/home/p11060/Q2.py", line 1, in <module>
>    asdasdasd
>NameError: name 'asdasdasd' is not defined

 --- Expected output (text)---
>GraduaÃ§Ã£o criada
>Carga horÃ¡ria: 1800
>Disciplinas: CÃ¡lculo

-Test 8: test_8 (-10.000)
Incorrect program output
 --- Input ---
>AdministraÃ§Ã£o; -1; pos

 --- Program output ---
>Traceback (most recent call last):
>  File "/home/p11060/Q2.py", line 1, in <module>
>    asdasdasd
>NameError: name 'asdasdasd' is not defined

 --- Expected output (text)---
>ValueError: DuraÃ§Ã£o invÃ¡lida

-Test 9: test_9 (-10.000)
Incorrect program output
 --- Input ---
>AdministraÃ§Ã£o; 10; pos
>EstatÃ­stica

 --- Program output ---
>Traceback (most recent call last):
>  File "/home/p11060/Q2.py", line 1, in <module>
>    asdasdasd
>NameError: name 'asdasdasd' is not defined

 --- Expected output (text)---
>PÃ³s-graduaÃ§Ã£o criada
>Carga horÃ¡ria: 1340
>Disciplinas: EstatÃ­stica

-Test 10: test_10 (-10.000)
Incorrect program output
 --- Input ---
>ComputaÃ§Ã£o; 3; graduacao
>QuÃ­mica; EstatÃ­stica

 --- Program output ---
>Traceback (most recent call last):
>  File "/home/p11060/Q2.py", line 1, in <module>
>    asdasdasd
>NameError: name 'asdasdasd' is not defined

 --- Expected output (text)---
>GraduaÃ§Ã£o criada
>Carga horÃ¡ria: 600
>Disciplinas: QuÃ­mica; EstatÃ­stica

--|>

<|--
-Summary of tests
>+------------------------------+
>| 10 tests run/ 0 tests passed |
>+------------------------------+

--|>

PartialGrade :=>> 0


<|--
-Nota: 22.50
--|>
Grade :=>> 22.500
<|--

-ğŸš€ Feedback automÃ¡tico gerado por IA âš ï¸ Revise com cuidado, pode conter erros!

ğŸš« Erro detectado: problema de compilaÃ§Ã£o (sintaxe) ou execuÃ§Ã£o (lÃ³gica)!

ğŸ” Abaixo, uma sugestÃ£o de correÃ§Ã£o com base na anÃ¡lise do erro:

=== INÃCIO [ğŸ¤– modelo: llama-3.3-70b-versatile] ===

 Q1.py
1. O erro parece estar relacionado Ã  ordem em que as notificaÃ§Ãµes sÃ£o processadas e impressas.
2. A saÃ­da esperada nÃ£o estÃ¡ de acordo com a saÃ­da do programa, indicando que as notificaÃ§Ãµes nÃ£o estÃ£o sendo adicionadas ou impressas corretamente.
3. A notificaÃ§Ã£o "Mensagem recebida" nÃ£o estÃ¡ sendo impressa na lista de notificaÃ§Ãµes, apenas como uma notificaÃ§Ã£o isolada.
4. A impressÃ£o da lista de notificaÃ§Ãµes parece estar faltando uma notificaÃ§Ã£o, pois a conexÃ£o foi estabelecida duas vezes, mas apenas uma conexÃ£o estÃ¡ sendo exibida.
5. Ã‰ necessÃ¡rio verificar a lÃ³gica de processamento e impressÃ£o das notificaÃ§Ãµes para garantir que elas sejam adicionadas e exibidas corretamente.
6. A impressÃ£o da lista de notificaÃ§Ãµes deve refletir todas as notificaÃ§Ãµes recebidas, incluindo as conexÃµes e mensagens.
7. A ordem das notificaÃ§Ãµes na lista deve ser a mesma em que elas foram recebidas.

=== FIM [â°  2025-08-27 08:18:31] ===
--|>
