<|--

--|>


<|--
-Question 1:

AvaliaÃ§Ã£o: 0.600/1 (60.00%)

>Arquivo: Q1
>Escolhido: Q1.py
>Habilidades: 

AvaliaÃ§Ã£o: 60.00%
--|>

Testing 1/10 : test_1
Testing 2/10 : test_2
Testing 3/10 : test_3
Testing 4/10 : test_4
Testing 5/10 : test_5
Testing 6/10 : test_6
Testing 7/10 : test_7
Testing 8/10 : test_8
Testing 9/10 : test_9
Testing 10/10 : test_10

<|--
-Failed tests
Test 2: test_2
Test 3: test_3
Test 5: test_5
Test 9: test_9
--|>

<|--
-Test 2: test_2 (-10.000)
Incorrect program output
 --- Input ---
>Erro
>som_atual

 --- Program output ---
>Gerenciador de som criado
>Som atual: None

 --- Expected output (text)---
>Gerenciador de som criado
>Tocando som: Erro
>Som atual: Erro

-Test 3: test_3 (-10.000)
Incorrect program output
 --- Input ---
>Campainha
>som_atual

 --- Program output ---
>Gerenciador de som criado
>Som atual: None

 --- Expected output (text)---
>Gerenciador de som criado
>Tocando som: Campainha
>Som atual: Campainha

-Test 5: test_5 (-10.000)
Incorrect program output
 --- Input ---
>Campainha
>som_atual

 --- Program output ---
>Gerenciador de som criado
>Som atual: None

 --- Expected output (text)---
>Gerenciador de som criado
>Tocando som: Campainha
>Som atual: Campainha

-Test 9: test_9 (-10.000)
Incorrect program output
 --- Input ---
>NotificaÃ§Ã£o
>som_atual

 --- Program output ---
>Gerenciador de som criado
>Som atual: None

 --- Expected output (text)---
>Gerenciador de som criado
>Tocando som: NotificaÃ§Ã£o
>Som atual: NotificaÃ§Ã£o

--|>

<|--
-Summary of tests
>+------------------------------+
>| 10 tests run/ 6 tests passed |
>+------------------------------+

--|>

PartialGrade :=>>60


<|--
-Question 2:

AvaliaÃ§Ã£o: 0.000/3 (0.00%)

>Arquivo: Q2
>Escolhido: Q2.py
>Habilidades: 

AvaliaÃ§Ã£o: 0.00%
--|>

Testing 1/10 : test_1
Testing 2/10 : test_2
Testing 3/10 : test_3
Testing 4/10 : test_4
Testing 5/10 : test_5
Testing 6/10 : test_6
Testing 7/10 : test_7
Testing 8/10 : test_8
Testing 9/10 : test_9
Testing 10/10 : test_10

<|--
-Failed tests
Test 1: test_1
Test 2: test_2
Test 3: test_3
Test 4: test_4
Test 5: test_5
Test 6: test_6
Test 7: test_7
Test 8: test_8
Test 9: test_9
Test 10: test_10
--|>

<|--
-Test 1: test_1 (-10.000)
Incorrect program output
 --- Input ---
>Ana; 7090.3; gerente
>AutomaÃ§Ã£o; API REST

 --- Program output ---
>Traceback (most recent call last):
>  File "/home/p10481/Q2.py", line 29, in <module>
>    class Gerente(funcionario):
>                  ^^^^^^^^^^^
>NameError: name 'funcionario' is not defined. Did you mean: 'Funcionario'?

 --- Expected output (text)---
>Gerente criado
>Bonus: 1489.0
>Projetos: AutomaÃ§Ã£o; API REST

-Test 2: test_2 (-10.000)
Incorrect program output
 --- Input ---
>Daniel; 4924.37; gerente
>Dashboard BI

 --- Program output ---
>Traceback (most recent call last):
>  File "/home/p10481/Q2.py", line 29, in <module>
>    class Gerente(funcionario):
>                  ^^^^^^^^^^^
>NameError: name 'funcionario' is not defined. Did you mean: 'Funcionario'?

 --- Expected output (text)---
>Gerente criado
>Bonus: 1034.1
>Projetos: Dashboard BI

-Test 3: test_3 (-10.000)
Incorrect program output
 --- Input ---
>Daniel; 2201.72; gerente
>Dashboard BI

 --- Program output ---
>Traceback (most recent call last):
>  File "/home/p10481/Q2.py", line 29, in <module>
>    class Gerente(funcionario):
>                  ^^^^^^^^^^^
>NameError: name 'funcionario' is not defined. Did you mean: 'Funcionario'?

 --- Expected output (text)---
>Gerente criado
>Bonus: 462.4
>Projetos: Dashboard BI

-Test 4: test_4 (-10.000)
Incorrect program output
 --- Input ---
>Bruno; 2142.55; desenvolvedor
>Dashboard BI; Sistema Web
>ProjetoInvalido

 --- Program output ---
>Traceback (most recent call last):
>  File "/home/p10481/Q2.py", line 29, in <module>
>    class Gerente(funcionario):
>                  ^^^^^^^^^^^
>NameError: name 'funcionario' is not defined. Did you mean: 'Funcionario'?

 --- Expected output (text)---
>Desenvolvedor criado
>Bonus: 235.7
>TypeError: Projeto invÃ¡lido
>Projetos: Dashboard BI; Sistema Web

-Test 5: test_5 (-10.000)
Incorrect program output
 --- Input ---
>Daniel; 3510.56; desenvolvedor
>AutomaÃ§Ã£o

 --- Program output ---
>Traceback (most recent call last):
>  File "/home/p10481/Q2.py", line 29, in <module>
>    class Gerente(funcionario):
>                  ^^^^^^^^^^^
>NameError: name 'funcionario' is not defined. Did you mean: 'Funcionario'?

 --- Expected output (text)---
>Desenvolvedor criado
>Bonus: 386.2
>Projetos: AutomaÃ§Ã£o

-Test 6: test_6 (-10.000)
Incorrect program output
 --- Input ---
>Bruno; 2552.86; gerente
>AutomaÃ§Ã£o

 --- Program output ---
>Traceback (most recent call last):
>  File "/home/p10481/Q2.py", line 29, in <module>
>    class Gerente(funcionario):
>                  ^^^^^^^^^^^
>NameError: name 'funcionario' is not defined. Did you mean: 'Funcionario'?

 --- Expected output (text)---
>Gerente criado
>Bonus: 536.1
>Projetos: AutomaÃ§Ã£o

-Test 7: test_7 (-10.000)
Incorrect program output
 --- Input ---
>Gabriela; 3811.13; gerente
>Banco de Dados

 --- Program output ---
>Traceback (most recent call last):
>  File "/home/p10481/Q2.py", line 29, in <module>
>    class Gerente(funcionario):
>                  ^^^^^^^^^^^
>NameError: name 'funcionario' is not defined. Did you mean: 'Funcionario'?

 --- Expected output (text)---
>Gerente criado
>Bonus: 800.3
>Projetos: Banco de Dados

-Test 8: test_8 (-10.000)
Incorrect program output
 --- Input ---
>Eva; 7963.61; gerente
>AutomaÃ§Ã£o

 --- Program output ---
>Traceback (most recent call last):
>  File "/home/p10481/Q2.py", line 29, in <module>
>    class Gerente(funcionario):
>                  ^^^^^^^^^^^
>NameError: name 'funcionario' is not defined. Did you mean: 'Funcionario'?

 --- Expected output (text)---
>Gerente criado
>Bonus: 1672.4
>Projetos: AutomaÃ§Ã£o

-Test 9: test_9 (-10.000)
Incorrect program output
 --- Input ---
>Bruno; 9274.21; desenvolvedor
>Aplicativo Mobile

 --- Program output ---
>Traceback (most recent call last):
>  File "/home/p10481/Q2.py", line 29, in <module>
>    class Gerente(funcionario):
>                  ^^^^^^^^^^^
>NameError: name 'funcionario' is not defined. Did you mean: 'Funcionario'?

 --- Expected output (text)---
>Desenvolvedor criado
>Bonus: 1020.2
>Projetos: Aplicativo Mobile

-Test 10: test_10 (-10.000)
Incorrect program output
 --- Input ---
>Eva; 6746.67; gerente
>Sistema Web; API REST

 --- Program output ---
>Traceback (most recent call last):
>  File "/home/p10481/Q2.py", line 29, in <module>
>    class Gerente(funcionario):
>                  ^^^^^^^^^^^
>NameError: name 'funcionario' is not defined. Did you mean: 'Funcionario'?

 --- Expected output (text)---
>Gerente criado
>Bonus: 1416.8
>Projetos: Sistema Web; API REST

--|>

<|--
-Summary of tests
>+------------------------------+
>| 10 tests run/ 0 tests passed |
>+------------------------------+

--|>

PartialGrade :=>> 0


<|--
-Nota: 15.00
--|>
Grade :=>> 15.000
<|--

-ğŸš€ Feedback automÃ¡tico gerado por IA âš ï¸ Revise com cuidado, pode conter erros!

ğŸš« Erro detectado: problema de compilaÃ§Ã£o (sintaxe) ou execuÃ§Ã£o (lÃ³gica)!

ğŸ” Abaixo, uma sugestÃ£o de correÃ§Ã£o com base na anÃ¡lise do erro:

=== INÃCIO [ğŸ¤– modelo: meta-llama/llama-4-scout-17b-16e-instruct] ===

 Q1.py

1. O programa parece estar criando um gerenciador de som e imprimindo uma mensagem de que foi criado.
2. O erro estÃ¡ no fato de que o som atual estÃ¡ sendo impresso como "None", quando provavelmente deveria ser algum valor ou mensagem mais informativa.
3. Provavelmente, a variÃ¡vel que armazena o som atual nÃ£o foi inicializada corretamente ou nÃ£o foi atribuÃ­do um valor a ela.
4. SugestÃ£o: Verifique se a variÃ¡vel que armazena o som atual foi inicializada corretamente e se foi atribuÃ­do um valor a ela antes de imprimir.

=== FIM [â°  2025-08-27 09:30:16] ===
--|>
